2025-06-02 14:18:32 [restartedMain] INFO  com.example.Springboot.Learning.SpringbootLearningApplication.logStarting:53 - Starting SpringbootLearningApplication using Java 21.0.6 with PID 12176 (C:\Users\manid\OneDrive\Documents\IntelliJ Workspace\target\classes started by manid in C:\Users\manid\OneDrive\Documents\IntelliJ Workspace)
2025-06-02 14:18:32 [restartedMain] INFO  com.example.Springboot.Learning.SpringbootLearningApplication.logStartupProfileInfo:652 - No active profile set, falling back to 1 default profile: "default"
2025-06-02 14:18:35 [restartedMain] ERROR org.springframework.boot.SpringApplication.reportFailure:858 - Application run failed
org.springframework.beans.factory.BeanCreationException: Error creating bean with name 'employeeController': Lookup method resolution failed
	at org.springframework.beans.factory.annotation.AutowiredAnnotationBeanPostProcessor.checkLookupMethods(AutowiredAnnotationBeanPostProcessor.java:498) ~[spring-beans-6.2.7.jar:6.2.7]
	at org.springframework.beans.factory.annotation.AutowiredAnnotationBeanPostProcessor.determineCandidateConstructors(AutowiredAnnotationBeanPostProcessor.java:368) ~[spring-beans-6.2.7.jar:6.2.7]
	at org.springframework.beans.factory.support.AbstractAutowireCapableBeanFactory.determineConstructorsFromBeanPostProcessors(AbstractAutowireCapableBeanFactory.java:1334) ~[spring-beans-6.2.7.jar:6.2.7]
	at org.springframework.beans.factory.support.AbstractAutowireCapableBeanFactory.createBeanInstance(AbstractAutowireCapableBeanFactory.java:1229) ~[spring-beans-6.2.7.jar:6.2.7]
	at org.springframework.beans.factory.support.AbstractAutowireCapableBeanFactory.doCreateBean(AbstractAutowireCapableBeanFactory.java:569) ~[spring-beans-6.2.7.jar:6.2.7]
	at org.springframework.beans.factory.support.AbstractAutowireCapableBeanFactory.createBean(AbstractAutowireCapableBeanFactory.java:529) ~[spring-beans-6.2.7.jar:6.2.7]
	at org.springframework.beans.factory.support.AbstractBeanFactory.lambda$doGetBean$0(AbstractBeanFactory.java:339) ~[spring-beans-6.2.7.jar:6.2.7]
	at org.springframework.beans.factory.support.DefaultSingletonBeanRegistry.getSingleton(DefaultSingletonBeanRegistry.java:373) ~[spring-beans-6.2.7.jar:6.2.7]
	at org.springframework.beans.factory.support.AbstractBeanFactory.doGetBean(AbstractBeanFactory.java:337) ~[spring-beans-6.2.7.jar:6.2.7]
	at org.springframework.beans.factory.support.AbstractBeanFactory.getBean(AbstractBeanFactory.java:202) ~[spring-beans-6.2.7.jar:6.2.7]
	at org.springframework.beans.factory.support.DefaultListableBeanFactory.instantiateSingleton(DefaultListableBeanFactory.java:1222) ~[spring-beans-6.2.7.jar:6.2.7]
	at org.springframework.beans.factory.support.DefaultListableBeanFactory.preInstantiateSingleton(DefaultListableBeanFactory.java:1188) ~[spring-beans-6.2.7.jar:6.2.7]
	at org.springframework.beans.factory.support.DefaultListableBeanFactory.preInstantiateSingletons(DefaultListableBeanFactory.java:1123) ~[spring-beans-6.2.7.jar:6.2.7]
	at org.springframework.context.support.AbstractApplicationContext.finishBeanFactoryInitialization(AbstractApplicationContext.java:987) ~[spring-context-6.2.7.jar:6.2.7]
	at org.springframework.context.support.AbstractApplicationContext.refresh(AbstractApplicationContext.java:627) ~[spring-context-6.2.7.jar:6.2.7]
	at org.springframework.boot.web.servlet.context.ServletWebServerApplicationContext.refresh(ServletWebServerApplicationContext.java:146) ~[spring-boot-3.5.0.jar:3.5.0]
	at org.springframework.boot.SpringApplication.refresh(SpringApplication.java:753) [spring-boot-3.5.0.jar:3.5.0]
	at org.springframework.boot.SpringApplication.refreshContext(SpringApplication.java:439) [spring-boot-3.5.0.jar:3.5.0]
	at org.springframework.boot.SpringApplication.run(SpringApplication.java:318) [spring-boot-3.5.0.jar:3.5.0]
	at org.springframework.boot.SpringApplication.run(SpringApplication.java:1362) [spring-boot-3.5.0.jar:3.5.0]
	at org.springframework.boot.SpringApplication.run(SpringApplication.java:1351) [spring-boot-3.5.0.jar:3.5.0]
	at com.example.Springboot.Learning.SpringbootLearningApplication.main(SpringbootLearningApplication.java:10) [classes/:?]
	at java.base/jdk.internal.reflect.DirectMethodHandleAccessor.invoke(DirectMethodHandleAccessor.java:103) ~[?:?]
	at java.base/java.lang.reflect.Method.invoke(Method.java:580) ~[?:?]
	at org.springframework.boot.devtools.restart.RestartLauncher.run(RestartLauncher.java:50) [spring-boot-devtools-3.5.0.jar:3.5.0]
Caused by: java.lang.IllegalStateException: Failed to introspect Class [com.example.Springboot.Learning.controller.EmployeeController] from ClassLoader [org.springframework.boot.devtools.restart.classloader.RestartClassLoader@3bdd9dd3]
	at org.springframework.util.ReflectionUtils.getDeclaredMethods(ReflectionUtils.java:483) ~[spring-core-6.2.7.jar:6.2.7]
	at org.springframework.util.ReflectionUtils.doWithLocalMethods(ReflectionUtils.java:320) ~[spring-core-6.2.7.jar:6.2.7]
	at org.springframework.beans.factory.annotation.AutowiredAnnotationBeanPostProcessor.checkLookupMethods(AutowiredAnnotationBeanPostProcessor.java:476) ~[spring-beans-6.2.7.jar:6.2.7]
	... 24 more
Caused by: java.lang.NoClassDefFoundError: javax/servlet/http/HttpServletRequest
	at java.base/java.lang.Class.getDeclaredMethods0(Native Method) ~[?:?]
	at java.base/java.lang.Class.privateGetDeclaredMethods(Class.java:3578) ~[?:?]
	at java.base/java.lang.Class.getDeclaredMethods(Class.java:2676) ~[?:?]
	at org.springframework.util.ReflectionUtils.getDeclaredMethods(ReflectionUtils.java:465) ~[spring-core-6.2.7.jar:6.2.7]
	at org.springframework.util.ReflectionUtils.doWithLocalMethods(ReflectionUtils.java:320) ~[spring-core-6.2.7.jar:6.2.7]
	at org.springframework.beans.factory.annotation.AutowiredAnnotationBeanPostProcessor.checkLookupMethods(AutowiredAnnotationBeanPostProcessor.java:476) ~[spring-beans-6.2.7.jar:6.2.7]
	... 24 more
Caused by: java.lang.ClassNotFoundException: javax.servlet.http.HttpServletRequest
	at java.base/jdk.internal.loader.BuiltinClassLoader.loadClass(BuiltinClassLoader.java:641) ~[?:?]
	at java.base/jdk.internal.loader.ClassLoaders$AppClassLoader.loadClass(ClassLoaders.java:188) ~[?:?]
	at java.base/java.lang.ClassLoader.loadClass(ClassLoader.java:526) ~[?:?]
	at java.base/java.lang.Class.forName0(Native Method) ~[?:?]
	at java.base/java.lang.Class.forName(Class.java:534) ~[?:?]
	at java.base/java.lang.Class.forName(Class.java:513) ~[?:?]
	at org.springframework.boot.devtools.restart.classloader.RestartClassLoader.loadClass(RestartClassLoader.java:121) ~[spring-boot-devtools-3.5.0.jar:3.5.0]
	at java.base/java.lang.ClassLoader.loadClass(ClassLoader.java:526) ~[?:?]
	at java.base/java.lang.Class.getDeclaredMethods0(Native Method) ~[?:?]
	at java.base/java.lang.Class.privateGetDeclaredMethods(Class.java:3578) ~[?:?]
	at java.base/java.lang.Class.getDeclaredMethods(Class.java:2676) ~[?:?]
	at org.springframework.util.ReflectionUtils.getDeclaredMethods(ReflectionUtils.java:465) ~[spring-core-6.2.7.jar:6.2.7]
	at org.springframework.util.ReflectionUtils.doWithLocalMethods(ReflectionUtils.java:320) ~[spring-core-6.2.7.jar:6.2.7]
	at org.springframework.beans.factory.annotation.AutowiredAnnotationBeanPostProcessor.checkLookupMethods(AutowiredAnnotationBeanPostProcessor.java:476) ~[spring-beans-6.2.7.jar:6.2.7]
	... 24 more
2025-06-02 14:20:45 [restartedMain] INFO  com.example.Springboot.Learning.SpringbootLearningApplication.logStarting:53 - Starting SpringbootLearningApplication using Java 21.0.6 with PID 4672 (C:\Users\manid\OneDrive\Documents\IntelliJ Workspace\target\classes started by manid in C:\Users\manid\OneDrive\Documents\IntelliJ Workspace)
2025-06-02 14:20:45 [restartedMain] INFO  com.example.Springboot.Learning.SpringbootLearningApplication.logStartupProfileInfo:652 - No active profile set, falling back to 1 default profile: "default"
2025-06-02 14:20:50 [restartedMain] INFO  com.example.Springboot.Learning.SpringbootLearningApplication.logStarted:59 - Started SpringbootLearningApplication in 5.431 seconds (process running for 6.68)
2025-06-02 14:21:14 [http-nio-8080-exec-5] INFO  com.example.Springboot.Learning.service.EmployeeService.create:41 - Creating employee: Manideep
2025-06-02 14:21:20 [http-nio-8080-exec-6] INFO  com.example.Springboot.Learning.service.EmployeeService.create:41 - Creating employee: Manideep
2025-06-02 14:21:21 [http-nio-8080-exec-7] INFO  com.example.Springboot.Learning.service.EmployeeService.create:41 - Creating employee: Manideep
2025-06-02 14:21:21 [http-nio-8080-exec-8] INFO  com.example.Springboot.Learning.service.EmployeeService.create:41 - Creating employee: Manideep
2025-06-02 14:21:21 [http-nio-8080-exec-10] INFO  com.example.Springboot.Learning.service.EmployeeService.create:41 - Creating employee: Manideep
2025-06-02 14:21:21 [http-nio-8080-exec-9] INFO  com.example.Springboot.Learning.service.EmployeeService.create:41 - Creating employee: Manideep
2025-06-02 14:21:21 [http-nio-8080-exec-1] INFO  com.example.Springboot.Learning.service.EmployeeService.create:41 - Creating employee: Manideep
2025-06-02 14:21:21 [http-nio-8080-exec-4] INFO  com.example.Springboot.Learning.service.EmployeeService.create:41 - Creating employee: Manideep
2025-06-02 14:21:29 [http-nio-8080-exec-3] INFO  com.example.Springboot.Learning.controller.EmployeeController.getAll:64 - Fetching all employees - page 0, size 10, sort by id, direction asc
2025-06-02 14:21:29 [http-nio-8080-exec-3] INFO  com.example.Springboot.Learning.service.EmployeeService.getAll:31 - Calling repository to fetch paginated employee list
2025-06-02 14:21:30 [http-nio-8080-exec-2] INFO  com.example.Springboot.Learning.controller.EmployeeController.getAll:64 - Fetching all employees - page 0, size 10, sort by id, direction asc
2025-06-02 14:21:30 [http-nio-8080-exec-2] INFO  com.example.Springboot.Learning.service.EmployeeService.getAll:31 - Calling repository to fetch paginated employee list
2025-06-02 14:21:30 [http-nio-8080-exec-5] INFO  com.example.Springboot.Learning.controller.EmployeeController.getAll:64 - Fetching all employees - page 0, size 10, sort by id, direction asc
2025-06-02 14:21:30 [http-nio-8080-exec-5] INFO  com.example.Springboot.Learning.service.EmployeeService.getAll:31 - Calling repository to fetch paginated employee list
2025-06-02 14:21:30 [http-nio-8080-exec-6] INFO  com.example.Springboot.Learning.controller.EmployeeController.getAll:64 - Fetching all employees - page 0, size 10, sort by id, direction asc
2025-06-02 14:21:30 [http-nio-8080-exec-6] INFO  com.example.Springboot.Learning.service.EmployeeService.getAll:31 - Calling repository to fetch paginated employee list
2025-06-02 14:21:31 [http-nio-8080-exec-7] INFO  com.example.Springboot.Learning.controller.EmployeeController.getAll:64 - Fetching all employees - page 0, size 10, sort by id, direction asc
2025-06-02 14:21:31 [http-nio-8080-exec-7] INFO  com.example.Springboot.Learning.service.EmployeeService.getAll:31 - Calling repository to fetch paginated employee list
2025-06-02 14:21:31 [http-nio-8080-exec-8] INFO  com.example.Springboot.Learning.controller.EmployeeController.getAll:64 - Fetching all employees - page 0, size 10, sort by id, direction asc
2025-06-02 14:21:31 [http-nio-8080-exec-8] INFO  com.example.Springboot.Learning.service.EmployeeService.getAll:31 - Calling repository to fetch paginated employee list
2025-06-02 14:30:00 [restartedMain] INFO  com.example.Springboot.Learning.SpringbootLearningApplication.logStarting:53 - Starting SpringbootLearningApplication using Java 21.0.6 with PID 13796 (C:\Users\manid\OneDrive\Documents\IntelliJ Workspace\target\classes started by manid in C:\Users\manid\OneDrive\Documents\IntelliJ Workspace)
2025-06-02 14:30:00 [restartedMain] INFO  com.example.Springboot.Learning.SpringbootLearningApplication.logStartupProfileInfo:652 - No active profile set, falling back to 1 default profile: "default"
2025-06-02 14:30:06 [restartedMain] INFO  com.example.Springboot.Learning.SpringbootLearningApplication.logStarted:59 - Started SpringbootLearningApplication in 5.582 seconds (process running for 6.862)
2025-06-02 14:30:18 [http-nio-8080-exec-5] INFO  com.example.Springboot.Learning.controller.EmployeeController.getAll:64 - Fetching all employees - page 0, size 10, sort by id, direction asc
2025-06-02 14:30:18 [http-nio-8080-exec-5] INFO  com.example.Springboot.Learning.service.EmployeeService.getAll:31 - Calling repository to fetch paginated employee list
2025-06-02 14:30:18 [http-nio-8080-exec-5] WARN  com.example.Springboot.Learning.controller.EmployeeController.getAll:74 - No employees found for the given page/filters.
2025-06-02 14:30:29 [http-nio-8080-exec-6] INFO  com.example.Springboot.Learning.service.EmployeeService.create:41 - Creating employee: Manideep
2025-06-02 14:30:30 [http-nio-8080-exec-7] INFO  com.example.Springboot.Learning.service.EmployeeService.create:41 - Creating employee: Manideep
2025-06-02 14:30:30 [http-nio-8080-exec-8] INFO  com.example.Springboot.Learning.service.EmployeeService.create:41 - Creating employee: Manideep
2025-06-02 14:30:30 [http-nio-8080-exec-9] INFO  com.example.Springboot.Learning.service.EmployeeService.create:41 - Creating employee: Manideep
2025-06-02 14:30:33 [http-nio-8080-exec-10] INFO  com.example.Springboot.Learning.service.EmployeeService.create:41 - Creating employee: Manideep
2025-06-02 14:30:37 [http-nio-8080-exec-1] INFO  com.example.Springboot.Learning.controller.EmployeeController.getAll:64 - Fetching all employees - page 0, size 10, sort by id, direction asc
2025-06-02 14:30:37 [http-nio-8080-exec-1] INFO  com.example.Springboot.Learning.service.EmployeeService.getAll:31 - Calling repository to fetch paginated employee list
2025-06-02 14:34:35 [http-nio-8080-exec-7] INFO  com.example.Springboot.Learning.controller.EmployeeController.getAll:64 - Fetching all employees - page 0, size 10, sort by id, direction asc
2025-06-02 14:34:35 [http-nio-8080-exec-7] INFO  com.example.Springboot.Learning.service.EmployeeService.getAll:31 - Calling repository to fetch paginated employee list
2025-06-02 14:35:55 [restartedMain] INFO  com.example.Springboot.Learning.SpringbootLearningApplication.logStarting:53 - Starting SpringbootLearningApplication using Java 21.0.6 with PID 15632 (C:\Users\manid\OneDrive\Documents\IntelliJ Workspace\target\classes started by manid in C:\Users\manid\OneDrive\Documents\IntelliJ Workspace)
2025-06-02 14:35:55 [restartedMain] INFO  com.example.Springboot.Learning.SpringbootLearningApplication.logStartupProfileInfo:652 - No active profile set, falling back to 1 default profile: "default"
2025-06-02 14:36:01 [restartedMain] INFO  com.example.Springboot.Learning.SpringbootLearningApplication.logStarted:59 - Started SpringbootLearningApplication in 6.049 seconds (process running for 7.225)
2025-06-02 14:36:53 [restartedMain] INFO  com.example.Springboot.Learning.SpringbootLearningApplication.logStarting:53 - Starting SpringbootLearningApplication using Java 21.0.6 with PID 9600 (C:\Users\manid\OneDrive\Documents\IntelliJ Workspace\target\classes started by manid in C:\Users\manid\OneDrive\Documents\IntelliJ Workspace)
2025-06-02 14:36:53 [restartedMain] INFO  com.example.Springboot.Learning.SpringbootLearningApplication.logStartupProfileInfo:652 - No active profile set, falling back to 1 default profile: "default"
2025-06-02 14:36:58 [restartedMain] INFO  com.example.Springboot.Learning.SpringbootLearningApplication.logStarted:59 - Started SpringbootLearningApplication in 5.993 seconds (process running for 7.237)
2025-06-02 14:37:08 [http-nio-8080-exec-4] INFO  com.example.Springboot.Learning.controller.EmployeeController.getAll:64 - Fetching all employees - page 0, size 10, sort by id, direction asc
2025-06-02 14:37:08 [http-nio-8080-exec-4] INFO  com.example.Springboot.Learning.service.EmployeeService.getAll:31 - Calling repository to fetch paginated employee list
2025-06-02 14:37:09 [http-nio-8080-exec-4] WARN  com.example.Springboot.Learning.controller.EmployeeController.getAll:74 - No employees found for the given page/filters.
2025-06-02 14:37:13 [http-nio-8080-exec-3] INFO  com.example.Springboot.Learning.controller.EmployeeController.getAll:64 - Fetching all employees - page 0, size 10, sort by id, direction asc
2025-06-02 14:37:13 [http-nio-8080-exec-3] INFO  com.example.Springboot.Learning.service.EmployeeService.getAll:31 - Calling repository to fetch paginated employee list
2025-06-02 14:37:13 [http-nio-8080-exec-3] WARN  com.example.Springboot.Learning.controller.EmployeeController.getAll:74 - No employees found for the given page/filters.
2025-06-02 14:39:05 [http-nio-8080-exec-2] INFO  com.example.Springboot.Learning.service.EmployeeService.create:41 - Creating employee: Manideep
2025-06-02 14:39:10 [http-nio-8080-exec-5] INFO  com.example.Springboot.Learning.controller.EmployeeController.getAll:64 - Fetching all employees - page 0, size 10, sort by id, direction asc
2025-06-02 14:39:10 [http-nio-8080-exec-5] INFO  com.example.Springboot.Learning.service.EmployeeService.getAll:31 - Calling repository to fetch paginated employee list
2025-06-02 14:39:21 [http-nio-8080-exec-9] INFO  com.example.Springboot.Learning.controller.EmployeeController.getAll:64 - Fetching all employees - page 0, size 10, sort by id, direction asc
2025-06-02 14:39:21 [http-nio-8080-exec-9] INFO  com.example.Springboot.Learning.service.EmployeeService.getAll:31 - Calling repository to fetch paginated employee list
2025-06-02 14:46:09 [restartedMain] INFO  com.example.Springboot.Learning.SpringbootLearningApplication.logStarting:53 - Starting SpringbootLearningApplication using Java 21.0.6 with PID 10000 (C:\Users\manid\OneDrive\Documents\IntelliJ Workspace\target\classes started by manid in C:\Users\manid\OneDrive\Documents\IntelliJ Workspace)
2025-06-02 14:46:09 [restartedMain] INFO  com.example.Springboot.Learning.SpringbootLearningApplication.logStartupProfileInfo:652 - No active profile set, falling back to 1 default profile: "default"
2025-06-02 14:46:13 [restartedMain] INFO  com.example.Springboot.Learning.SpringbootLearningApplication.logStarted:59 - Started SpringbootLearningApplication in 5.137 seconds (process running for 6.3)
2025-06-02 16:40:58 [restartedMain] INFO  com.example.Springboot.Learning.SpringbootLearningApplication.logStarting:53 - Starting SpringbootLearningApplication using Java 21.0.6 with PID 15964 (C:\Users\manid\OneDrive\Documents\IntelliJ Workspace\target\classes started by manid in C:\Users\manid\OneDrive\Documents\IntelliJ Workspace)
2025-06-02 16:40:58 [restartedMain] INFO  com.example.Springboot.Learning.SpringbootLearningApplication.logStartupProfileInfo:652 - No active profile set, falling back to 1 default profile: "default"
2025-06-02 16:41:03 [restartedMain] INFO  com.example.Springboot.Learning.SpringbootLearningApplication.logStarted:59 - Started SpringbootLearningApplication in 5.856 seconds (process running for 7.156)
2025-06-02 16:41:51 [restartedMain] INFO  com.example.Springboot.Learning.SpringbootLearningApplication.logStarting:53 - Starting SpringbootLearningApplication using Java 21.0.6 with PID 4568 (C:\Users\manid\OneDrive\Documents\IntelliJ Workspace\target\classes started by manid in C:\Users\manid\OneDrive\Documents\IntelliJ Workspace)
2025-06-02 16:41:51 [restartedMain] INFO  com.example.Springboot.Learning.SpringbootLearningApplication.logStartupProfileInfo:652 - No active profile set, falling back to 1 default profile: "default"
2025-06-02 16:41:56 [restartedMain] INFO  com.example.Springboot.Learning.SpringbootLearningApplication.logStarted:59 - Started SpringbootLearningApplication in 5.793 seconds (process running for 7.194)
2025-06-02 16:42:15 [restartedMain] INFO  com.example.Springboot.Learning.SpringbootLearningApplication.logStarting:53 - Starting SpringbootLearningApplication using Java 21.0.6 with PID 15060 (C:\Users\manid\OneDrive\Documents\IntelliJ Workspace\target\classes started by manid in C:\Users\manid\OneDrive\Documents\IntelliJ Workspace)
2025-06-02 16:42:15 [restartedMain] INFO  com.example.Springboot.Learning.SpringbootLearningApplication.logStartupProfileInfo:652 - No active profile set, falling back to 1 default profile: "default"
2025-06-02 16:42:21 [restartedMain] INFO  com.example.Springboot.Learning.SpringbootLearningApplication.logStarted:59 - Started SpringbootLearningApplication in 6.093 seconds (process running for 7.352)
2025-06-02 16:42:29 [http-nio-8080-exec-5] INFO  com.example.Springboot.Learning.service.EmployeeService.create:41 - Creating employee: Manideep
2025-06-02 16:42:42 [http-nio-8080-exec-8] INFO  com.example.Springboot.Learning.controller.EmployeeController.getAll:66 - Fetching all employees - page 0, size 10, sort by id, direction asc
2025-06-02 16:42:42 [http-nio-8080-exec-8] INFO  com.example.Springboot.Learning.service.EmployeeService.getAll:31 - Calling repository to fetch paginated employee list
2025-06-02 16:54:00 [restartedMain] INFO  com.example.Springboot.Learning.SpringbootLearningApplication.logStarting:53 - Starting SpringbootLearningApplication using Java 21.0.6 with PID 15768 (C:\Users\manid\OneDrive\Documents\IntelliJ Workspace\target\classes started by manid in C:\Users\manid\OneDrive\Documents\IntelliJ Workspace)
2025-06-02 16:54:00 [restartedMain] INFO  com.example.Springboot.Learning.SpringbootLearningApplication.logStartupProfileInfo:652 - No active profile set, falling back to 1 default profile: "default"
2025-06-02 16:54:05 [restartedMain] INFO  com.example.Springboot.Learning.SpringbootLearningApplication.logStarted:59 - Started SpringbootLearningApplication in 5.277 seconds (process running for 6.47)
2025-06-02 16:58:36 [restartedMain] INFO  com.example.Springboot.Learning.SpringbootLearningApplication.logStarting:53 - Starting SpringbootLearningApplication using Java 21.0.6 with PID 14552 (C:\Users\manid\OneDrive\Documents\IntelliJ Workspace\target\classes started by manid in C:\Users\manid\OneDrive\Documents\IntelliJ Workspace)
2025-06-02 16:58:36 [restartedMain] INFO  com.example.Springboot.Learning.SpringbootLearningApplication.logStartupProfileInfo:652 - No active profile set, falling back to 1 default profile: "default"
2025-06-02 16:58:40 [restartedMain] INFO  com.example.Springboot.Learning.SpringbootLearningApplication.logStarted:59 - Started SpringbootLearningApplication in 5.053 seconds (process running for 6.227)
2025-06-02 16:59:52 [restartedMain] INFO  com.example.Springboot.Learning.SpringbootLearningApplication.logStarting:53 - Starting SpringbootLearningApplication using Java 21.0.6 with PID 11312 (C:\Users\manid\OneDrive\Documents\IntelliJ Workspace\target\classes started by manid in C:\Users\manid\OneDrive\Documents\IntelliJ Workspace)
2025-06-02 16:59:52 [restartedMain] INFO  com.example.Springboot.Learning.SpringbootLearningApplication.logStartupProfileInfo:652 - No active profile set, falling back to 1 default profile: "default"
2025-06-02 16:59:56 [restartedMain] INFO  com.example.Springboot.Learning.SpringbootLearningApplication.logStarted:59 - Started SpringbootLearningApplication in 5.351 seconds (process running for 6.514)
2025-06-02 17:06:08 [restartedMain] INFO  com.example.Springboot.Learning.SpringbootLearningApplication.logStarting:53 - Starting SpringbootLearningApplication using Java 21.0.6 with PID 16060 (C:\Users\manid\OneDrive\Documents\IntelliJ Workspace\target\classes started by manid in C:\Users\manid\OneDrive\Documents\IntelliJ Workspace)
2025-06-02 17:06:08 [restartedMain] INFO  com.example.Springboot.Learning.SpringbootLearningApplication.logStartupProfileInfo:652 - No active profile set, falling back to 1 default profile: "default"
2025-06-02 17:06:13 [restartedMain] INFO  com.example.Springboot.Learning.SpringbootLearningApplication.logStarted:59 - Started SpringbootLearningApplication in 5.215 seconds (process running for 6.312)
2025-06-02 17:07:17 [restartedMain] INFO  com.example.Springboot.Learning.SpringbootLearningApplication.logStarting:53 - Starting SpringbootLearningApplication using Java 21.0.6 with PID 5028 (C:\Users\manid\OneDrive\Documents\IntelliJ Workspace\target\classes started by manid in C:\Users\manid\OneDrive\Documents\IntelliJ Workspace)
2025-06-02 17:07:17 [restartedMain] INFO  com.example.Springboot.Learning.SpringbootLearningApplication.logStartupProfileInfo:652 - No active profile set, falling back to 1 default profile: "default"
2025-06-02 17:07:23 [restartedMain] INFO  com.example.Springboot.Learning.SpringbootLearningApplication.logStarted:59 - Started SpringbootLearningApplication in 6.448 seconds (process running for 7.548)
2025-06-02 17:12:40 [restartedMain] INFO  com.example.Springboot.Learning.SpringbootLearningApplication.logStarting:53 - Starting SpringbootLearningApplication using Java 21.0.6 with PID 12028 (C:\Users\manid\OneDrive\Documents\IntelliJ Workspace\target\classes started by manid in C:\Users\manid\OneDrive\Documents\IntelliJ Workspace)
2025-06-02 17:12:40 [restartedMain] INFO  com.example.Springboot.Learning.SpringbootLearningApplication.logStartupProfileInfo:652 - No active profile set, falling back to 1 default profile: "default"
2025-06-02 17:12:46 [restartedMain] INFO  com.example.Springboot.Learning.SpringbootLearningApplication.logStarted:59 - Started SpringbootLearningApplication in 6.482 seconds (process running for 7.78)
2025-06-02 17:16:57 [restartedMain] INFO  com.example.Springboot.Learning.SpringbootLearningApplication.logStarting:53 - Starting SpringbootLearningApplication using Java 21.0.6 with PID 4468 (C:\Users\manid\OneDrive\Documents\IntelliJ Workspace\target\classes started by manid in C:\Users\manid\OneDrive\Documents\IntelliJ Workspace)
2025-06-02 17:16:57 [restartedMain] INFO  com.example.Springboot.Learning.SpringbootLearningApplication.logStartupProfileInfo:652 - No active profile set, falling back to 1 default profile: "default"
2025-06-02 17:17:02 [restartedMain] INFO  com.example.Springboot.Learning.SpringbootLearningApplication.logStarted:59 - Started SpringbootLearningApplication in 5.346 seconds (process running for 6.452)
2025-06-03 12:07:37 [restartedMain] INFO  com.example.Springboot.Learning.SpringbootLearningApplication.logStarting:53 - Starting SpringbootLearningApplication using Java 21.0.6 with PID 6124 (C:\Users\manid\OneDrive\Documents\IntelliJ Workspace\target\classes started by manid in C:\Users\manid\OneDrive\Documents\IntelliJ Workspace)
2025-06-03 12:07:37 [restartedMain] INFO  com.example.Springboot.Learning.SpringbootLearningApplication.logStartupProfileInfo:652 - No active profile set, falling back to 1 default profile: "default"
2025-06-03 12:07:42 [restartedMain] INFO  com.example.Springboot.Learning.SpringbootLearningApplication.logStarted:59 - Started SpringbootLearningApplication in 5.396 seconds (process running for 6.556)
2025-06-03 12:25:41 [restartedMain] INFO  com.example.Springboot.Learning.SpringbootLearningApplication.logStarting:53 - Starting SpringbootLearningApplication using Java 21.0.6 with PID 12668 (C:\Users\manid\OneDrive\Documents\IntelliJ Workspace\target\classes started by manid in C:\Users\manid\OneDrive\Documents\IntelliJ Workspace)
2025-06-03 12:25:41 [restartedMain] INFO  com.example.Springboot.Learning.SpringbootLearningApplication.logStartupProfileInfo:652 - No active profile set, falling back to 1 default profile: "default"
2025-06-03 12:25:45 [restartedMain] INFO  com.example.Springboot.Learning.SpringbootLearningApplication.logStarted:59 - Started SpringbootLearningApplication in 4.676 seconds (process running for 5.654)
2025-06-06 12:47:10 [restartedMain] INFO  com.example.Springboot.Learning.SpringbootLearningApplication.logStarting:53 - Starting SpringbootLearningApplication using Java 21.0.6 with PID 11488 (C:\Users\manid\OneDrive\Documents\IntelliJ Workspace\target\classes started by manid in C:\Users\manid\OneDrive\Documents\IntelliJ Workspace)
2025-06-06 12:47:10 [restartedMain] INFO  com.example.Springboot.Learning.SpringbootLearningApplication.logStartupProfileInfo:652 - No active profile set, falling back to 1 default profile: "default"
2025-06-06 12:47:15 [restartedMain] ERROR org.springframework.boot.diagnostics.LoggingFailureAnalysisReporter.report:40 - 

***************************
APPLICATION FAILED TO START
***************************

Description:

Field mailSender in com.example.Springboot.Learning.service.EmailService required a bean of type 'org.springframework.mail.javamail.JavaMailSender' that could not be found.

The injection point has the following annotations:
	- @org.springframework.beans.factory.annotation.Autowired(required=true)


Action:

Consider defining a bean of type 'org.springframework.mail.javamail.JavaMailSender' in your configuration.

2025-06-06 12:50:08 [restartedMain] INFO  com.example.Springboot.Learning.SpringbootLearningApplication.logStarting:53 - Starting SpringbootLearningApplication using Java 21.0.6 with PID 2100 (C:\Users\manid\OneDrive\Documents\IntelliJ Workspace\target\classes started by manid in C:\Users\manid\OneDrive\Documents\IntelliJ Workspace)
2025-06-06 12:50:08 [restartedMain] INFO  com.example.Springboot.Learning.SpringbootLearningApplication.logStartupProfileInfo:652 - No active profile set, falling back to 1 default profile: "default"
2025-06-06 12:50:13 [restartedMain] ERROR org.springframework.boot.diagnostics.LoggingFailureAnalysisReporter.report:40 - 

***************************
APPLICATION FAILED TO START
***************************

Description:

Field mailSender in com.example.Springboot.Learning.service.EmailService required a bean of type 'org.springframework.mail.javamail.JavaMailSender' that could not be found.

The injection point has the following annotations:
	- @org.springframework.beans.factory.annotation.Autowired(required=true)


Action:

Consider defining a bean of type 'org.springframework.mail.javamail.JavaMailSender' in your configuration.

2025-06-06 13:05:00 [restartedMain] INFO  com.example.Springboot.Learning.SpringbootLearningApplication.logStarting:53 - Starting SpringbootLearningApplication using Java 21.0.6 with PID 9176 (C:\Users\manid\OneDrive\Documents\IntelliJ Workspace\target\classes started by manid in C:\Users\manid\OneDrive\Documents\IntelliJ Workspace)
2025-06-06 13:05:00 [restartedMain] INFO  com.example.Springboot.Learning.SpringbootLearningApplication.logStartupProfileInfo:652 - No active profile set, falling back to 1 default profile: "default"
2025-06-06 13:05:05 [restartedMain] INFO  com.example.Springboot.Learning.SpringbootLearningApplication.logStarted:59 - Started SpringbootLearningApplication in 5.879 seconds (process running for 7.197)
2025-06-06 13:12:15 [restartedMain] INFO  com.example.Springboot.Learning.SpringbootLearningApplication.logStarting:53 - Starting SpringbootLearningApplication using Java 21.0.6 with PID 1580 (C:\Users\manid\OneDrive\Documents\IntelliJ Workspace\target\classes started by manid in C:\Users\manid\OneDrive\Documents\IntelliJ Workspace)
2025-06-06 13:12:15 [restartedMain] INFO  com.example.Springboot.Learning.SpringbootLearningApplication.logStartupProfileInfo:652 - No active profile set, falling back to 1 default profile: "default"
2025-06-06 13:12:21 [restartedMain] INFO  com.example.Springboot.Learning.SpringbootLearningApplication.logStarted:59 - Started SpringbootLearningApplication in 6.282 seconds (process running for 7.598)
2025-06-06 13:15:34 [restartedMain] INFO  com.example.Springboot.Learning.SpringbootLearningApplication.logStarting:53 - Starting SpringbootLearningApplication using Java 21.0.6 with PID 7604 (C:\Users\manid\OneDrive\Documents\IntelliJ Workspace\target\classes started by manid in C:\Users\manid\OneDrive\Documents\IntelliJ Workspace)
2025-06-06 13:15:34 [restartedMain] INFO  com.example.Springboot.Learning.SpringbootLearningApplication.logStartupProfileInfo:652 - No active profile set, falling back to 1 default profile: "default"
2025-06-06 13:15:39 [restartedMain] INFO  com.example.Springboot.Learning.SpringbootLearningApplication.logStarted:59 - Started SpringbootLearningApplication in 6.419 seconds (process running for 7.999)
2025-06-06 13:16:13 [http-nio-8080-exec-6] INFO  com.example.Springboot.Learning.service.EmployeeService.create:44 - Creating employee: Manideep
2025-06-06 13:16:23 [http-nio-8080-exec-2] INFO  com.example.Springboot.Learning.service.EmployeeService.create:44 - Creating employee: Manideep
2025-06-06 13:16:23 [http-nio-8080-exec-8] INFO  com.example.Springboot.Learning.service.EmployeeService.create:44 - Creating employee: Manideep
2025-06-06 13:16:23 [http-nio-8080-exec-9] INFO  com.example.Springboot.Learning.service.EmployeeService.create:44 - Creating employee: Manideep
2025-06-06 13:16:24 [http-nio-8080-exec-10] INFO  com.example.Springboot.Learning.service.EmployeeService.create:44 - Creating employee: Manideep
2025-06-06 13:16:34 [http-nio-8080-exec-7] INFO  com.example.Springboot.Learning.service.EmployeeService.create:44 - Creating employee: Chintu
2025-06-06 13:16:44 [http-nio-8080-exec-4] INFO  com.example.Springboot.Learning.service.EmployeeService.create:44 - Creating employee: Chintu
2025-06-06 13:16:58 [http-nio-8080-exec-3] INFO  com.example.Springboot.Learning.service.EmployeeService.create:44 - Creating employee: Chintu
2025-06-06 13:17:15 [http-nio-8080-exec-5] INFO  com.example.Springboot.Learning.service.EmployeeService.create:44 - Creating employee: Chintu
2025-06-06 13:20:05 [restartedMain] INFO  com.example.Springboot.Learning.SpringbootLearningApplication.logStarting:53 - Starting SpringbootLearningApplication using Java 21.0.6 with PID 10432 (C:\Users\manid\OneDrive\Documents\IntelliJ Workspace\target\classes started by manid in C:\Users\manid\OneDrive\Documents\IntelliJ Workspace)
2025-06-06 13:20:05 [restartedMain] INFO  com.example.Springboot.Learning.SpringbootLearningApplication.logStartupProfileInfo:652 - No active profile set, falling back to 1 default profile: "default"
2025-06-06 13:20:11 [restartedMain] INFO  com.example.Springboot.Learning.SpringbootLearningApplication.logStarted:59 - Started SpringbootLearningApplication in 5.999 seconds (process running for 7.524)
2025-06-06 13:20:31 [http-nio-8080-exec-4] INFO  com.example.Springboot.Learning.controller.EmployeeController.getAll:71 - Fetching all employees - page 0, size 10, sort by id, direction asc
2025-06-06 13:20:31 [http-nio-8080-exec-4] INFO  com.example.Springboot.Learning.service.EmployeeService.getAll:34 - Calling repository to fetch paginated employee list
2025-06-06 13:20:31 [http-nio-8080-exec-4] WARN  com.example.Springboot.Learning.controller.EmployeeController.getAll:81 - No employees found for the given page/filters.
2025-06-06 13:20:42 [http-nio-8080-exec-6] INFO  com.example.Springboot.Learning.service.EmployeeService.create:44 - Creating employee: Manideep
2025-06-06 13:20:49 [http-nio-8080-exec-7] INFO  com.example.Springboot.Learning.service.EmployeeService.create:44 - Creating employee: Chintu
2025-06-06 13:20:57 [http-nio-8080-exec-8] INFO  com.example.Springboot.Learning.controller.EmployeeController.getAll:71 - Fetching all employees - page 0, size 10, sort by id, direction asc
2025-06-06 13:20:57 [http-nio-8080-exec-8] INFO  com.example.Springboot.Learning.service.EmployeeService.getAll:34 - Calling repository to fetch paginated employee list
2025-06-06 13:24:32 [restartedMain] INFO  com.example.Springboot.Learning.SpringbootLearningApplication.logStarting:53 - Starting SpringbootLearningApplication using Java 21.0.6 with PID 5740 (C:\Users\manid\OneDrive\Documents\IntelliJ Workspace\target\classes started by manid in C:\Users\manid\OneDrive\Documents\IntelliJ Workspace)
2025-06-06 13:24:32 [restartedMain] INFO  com.example.Springboot.Learning.SpringbootLearningApplication.logStartupProfileInfo:652 - No active profile set, falling back to 1 default profile: "default"
2025-06-06 13:24:38 [restartedMain] INFO  com.example.Springboot.Learning.SpringbootLearningApplication.logStarted:59 - Started SpringbootLearningApplication in 6.434 seconds (process running for 7.895)
2025-06-06 13:24:48 [http-nio-8080-exec-6] INFO  com.example.Springboot.Learning.service.EmployeeService.create:44 - Creating employee: Manideep
2025-06-06 13:24:56 [http-nio-8080-exec-7] INFO  com.example.Springboot.Learning.controller.EmployeeController.getAll:71 - Fetching all employees - page 0, size 10, sort by id, direction asc
2025-06-06 13:24:56 [http-nio-8080-exec-7] INFO  com.example.Springboot.Learning.service.EmployeeService.getAll:34 - Calling repository to fetch paginated employee list
2025-06-06 13:26:30 [http-nio-8080-exec-4] INFO  com.example.Springboot.Learning.service.EmployeeService.create:44 - Creating employee: Sai
2025-06-06 13:26:37 [http-nio-8080-exec-5] INFO  com.example.Springboot.Learning.service.EmployeeService.create:44 - Creating employee: Ravi
2025-06-06 13:26:48 [http-nio-8080-exec-2] INFO  com.example.Springboot.Learning.service.EmployeeService.create:44 - Creating employee: Manoj
2025-06-06 13:32:15 [restartedMain] INFO  com.example.Springboot.Learning.SpringbootLearningApplication.logStarting:53 - Starting SpringbootLearningApplication using Java 21.0.6 with PID 5800 (C:\Users\manid\OneDrive\Documents\IntelliJ Workspace\target\classes started by manid in C:\Users\manid\OneDrive\Documents\IntelliJ Workspace)
2025-06-06 13:32:15 [restartedMain] INFO  com.example.Springboot.Learning.SpringbootLearningApplication.logStartupProfileInfo:652 - No active profile set, falling back to 1 default profile: "default"
2025-06-06 13:32:21 [restartedMain] INFO  com.example.Springboot.Learning.SpringbootLearningApplication.logStarted:59 - Started SpringbootLearningApplication in 6.631 seconds (process running for 8.117)
2025-06-06 13:32:28 [http-nio-8080-exec-5] INFO  com.example.Springboot.Learning.service.EmployeeService.create:44 - Creating employee: Manideep
2025-06-06 13:32:35 [http-nio-8080-exec-7] INFO  com.example.Springboot.Learning.service.EmployeeService.create:44 - Creating employee: Pavan
2025-06-06 13:33:00 [http-nio-8080-exec-6] INFO  com.example.Springboot.Learning.controller.EmployeeController.getAll:71 - Fetching all employees - page 0, size 10, sort by id, direction asc
2025-06-06 13:33:00 [http-nio-8080-exec-6] INFO  com.example.Springboot.Learning.service.EmployeeService.getAll:34 - Calling repository to fetch paginated employee list
2025-06-06 13:33:45 [http-nio-8080-exec-9] INFO  com.example.Springboot.Learning.controller.EmployeeController.getAll:71 - Fetching all employees - page 0, size 10, sort by id, direction asc
2025-06-06 13:33:45 [http-nio-8080-exec-9] INFO  com.example.Springboot.Learning.service.EmployeeService.getAll:34 - Calling repository to fetch paginated employee list
2025-06-06 15:26:29 [restartedMain] INFO  com.example.Springboot.Learning.SpringbootLearningApplication.logStarting:53 - Starting SpringbootLearningApplication using Java 21.0.6 with PID 15484 (C:\Users\manid\OneDrive\Documents\IntelliJ Workspace\target\classes started by manid in C:\Users\manid\OneDrive\Documents\IntelliJ Workspace)
2025-06-06 15:26:29 [restartedMain] INFO  com.example.Springboot.Learning.SpringbootLearningApplication.logStartupProfileInfo:652 - No active profile set, falling back to 1 default profile: "default"
2025-06-06 15:26:34 [restartedMain] INFO  com.example.Springboot.Learning.SpringbootLearningApplication.logStarted:59 - Started SpringbootLearningApplication in 5.431 seconds (process running for 6.645)
2025-06-06 15:27:22 [http-nio-8080-exec-3] INFO  com.example.Springboot.Learning.service.EmployeeService.create:45 - Creating employee: Manideep
2025-06-06 15:28:38 [http-nio-8080-exec-8] INFO  com.example.Springboot.Learning.service.EmployeeService.create:45 - Creating employee: Manideep
2025-06-06 15:34:08 [restartedMain] INFO  com.example.Springboot.Learning.SpringbootLearningApplication.logStarting:53 - Starting SpringbootLearningApplication using Java 21.0.6 with PID 6892 (C:\Users\manid\OneDrive\Documents\IntelliJ Workspace\target\classes started by manid in C:\Users\manid\OneDrive\Documents\IntelliJ Workspace)
2025-06-06 15:34:08 [restartedMain] INFO  com.example.Springboot.Learning.SpringbootLearningApplication.logStartupProfileInfo:652 - No active profile set, falling back to 1 default profile: "default"
2025-06-06 15:34:12 [restartedMain] INFO  com.example.Springboot.Learning.SpringbootLearningApplication.logStarted:59 - Started SpringbootLearningApplication in 4.935 seconds (process running for 5.954)
2025-06-06 15:34:44 [http-nio-8080-exec-5] INFO  com.example.Springboot.Learning.service.EmployeeService.create:45 - Creating employee: Manideep
2025-06-06 15:35:12 [http-nio-8080-exec-6] INFO  com.example.Springboot.Learning.service.EmployeeService.create:45 - Creating employee: Manideep
2025-06-06 15:35:29 [http-nio-8080-exec-8] INFO  com.example.Springboot.Learning.service.EmployeeService.create:45 - Creating employee: Manideep
2025-06-06 15:57:20 [restartedMain] INFO  com.example.Springboot.Learning.SpringbootLearningApplication.logStarting:53 - Starting SpringbootLearningApplication using Java 21.0.6 with PID 15664 (C:\Users\manid\OneDrive\Documents\IntelliJ Workspace\target\classes started by manid in C:\Users\manid\OneDrive\Documents\IntelliJ Workspace)
2025-06-06 15:57:20 [restartedMain] INFO  com.example.Springboot.Learning.SpringbootLearningApplication.logStartupProfileInfo:652 - No active profile set, falling back to 1 default profile: "default"
2025-06-06 15:57:26 [restartedMain] INFO  com.example.Springboot.Learning.SpringbootLearningApplication.logStarted:59 - Started SpringbootLearningApplication in 6.074 seconds (process running for 7.328)
2025-06-06 15:57:35 [http-nio-8080-exec-5] INFO  com.example.Springboot.Learning.service.EmployeeService.create:45 - Creating employee: Manideep
2025-06-06 15:58:08 [restartedMain] INFO  com.example.Springboot.Learning.SpringbootLearningApplication.logStarting:53 - Starting SpringbootLearningApplication using Java 21.0.6 with PID 17596 (C:\Users\manid\OneDrive\Documents\IntelliJ Workspace\target\classes started by manid in C:\Users\manid\OneDrive\Documents\IntelliJ Workspace)
2025-06-06 15:58:08 [restartedMain] INFO  com.example.Springboot.Learning.SpringbootLearningApplication.logStartupProfileInfo:652 - No active profile set, falling back to 1 default profile: "default"
2025-06-06 15:58:13 [restartedMain] INFO  com.example.Springboot.Learning.SpringbootLearningApplication.logStarted:59 - Started SpringbootLearningApplication in 5.258 seconds (process running for 6.521)
2025-06-06 15:59:01 [http-nio-8080-exec-3] INFO  com.example.Springboot.Learning.service.EmployeeService.create:45 - Creating employee: Manideep
2025-06-06 16:06:48 [restartedMain] INFO  com.example.Springboot.Learning.SpringbootLearningApplication.logStarting:53 - Starting SpringbootLearningApplication using Java 21.0.6 with PID 10704 (C:\Users\manid\OneDrive\Documents\IntelliJ Workspace\target\classes started by manid in C:\Users\manid\OneDrive\Documents\IntelliJ Workspace)
2025-06-06 16:06:48 [restartedMain] INFO  com.example.Springboot.Learning.SpringbootLearningApplication.logStartupProfileInfo:652 - No active profile set, falling back to 1 default profile: "default"
2025-06-06 16:06:53 [restartedMain] INFO  com.example.Springboot.Learning.SpringbootLearningApplication.logStarted:59 - Started SpringbootLearningApplication in 5.555 seconds (process running for 6.636)
2025-06-09 11:30:23 [restartedMain] INFO  com.example.Springboot.Learning.SpringbootLearningApplication.logStarting:53 - Starting SpringbootLearningApplication using Java 21.0.6 with PID 12452 (C:\Users\manid\OneDrive\Documents\IntelliJ Workspace\target\classes started by manid in C:\Users\manid\OneDrive\Documents\IntelliJ Workspace)
2025-06-09 11:30:23 [restartedMain] INFO  com.example.Springboot.Learning.SpringbootLearningApplication.logStartupProfileInfo:652 - No active profile set, falling back to 1 default profile: "default"
2025-06-09 11:30:31 [restartedMain] INFO  com.example.Springboot.Learning.SpringbootLearningApplication.logStarted:59 - Started SpringbootLearningApplication in 8.801 seconds (process running for 10.854)
2025-06-09 11:30:47 [http-nio-8080-exec-10] INFO  com.example.Springboot.Learning.service.EmployeeService.create:45 - Creating employee: Manideep
2025-06-09 11:35:52 [restartedMain] INFO  com.example.Springboot.Learning.SpringbootLearningApplication.logStarting:53 - Starting SpringbootLearningApplication using Java 21.0.6 with PID 3120 (C:\Users\manid\OneDrive\Documents\IntelliJ Workspace\target\classes started by manid in C:\Users\manid\OneDrive\Documents\IntelliJ Workspace)
2025-06-09 11:35:52 [restartedMain] INFO  com.example.Springboot.Learning.SpringbootLearningApplication.logStartupProfileInfo:652 - No active profile set, falling back to 1 default profile: "default"
2025-06-09 11:35:58 [restartedMain] INFO  com.example.Springboot.Learning.SpringbootLearningApplication.logStarted:59 - Started SpringbootLearningApplication in 6.072 seconds (process running for 7.378)
2025-06-09 11:36:54 [http-nio-8080-exec-3] INFO  com.example.Springboot.Learning.service.EmployeeService.create:45 - Creating employee: 
2025-06-09 11:37:22 [http-nio-8080-exec-4] INFO  com.example.Springboot.Learning.service.EmployeeService.create:45 - Creating employee: 
2025-06-09 11:39:47 [http-nio-8080-exec-7] INFO  com.example.Springboot.Learning.service.EmployeeService.create:45 - Creating employee: 
2025-06-09 11:44:26 [restartedMain] INFO  com.example.Springboot.Learning.SpringbootLearningApplication.logStarting:53 - Starting SpringbootLearningApplication using Java 21.0.6 with PID 12392 (C:\Users\manid\OneDrive\Documents\IntelliJ Workspace\target\classes started by manid in C:\Users\manid\OneDrive\Documents\IntelliJ Workspace)
2025-06-09 11:44:26 [restartedMain] INFO  com.example.Springboot.Learning.SpringbootLearningApplication.logStartupProfileInfo:652 - No active profile set, falling back to 1 default profile: "default"
2025-06-09 11:44:31 [restartedMain] INFO  com.example.Springboot.Learning.SpringbootLearningApplication.logStarted:59 - Started SpringbootLearningApplication in 6.007 seconds (process running for 7.257)
2025-06-09 11:57:36 [restartedMain] INFO  com.example.Springboot.Learning.SpringbootLearningApplication.logStarting:53 - Starting SpringbootLearningApplication using Java 21.0.6 with PID 9308 (C:\Users\manid\OneDrive\Documents\IntelliJ Workspace\target\classes started by manid in C:\Users\manid\OneDrive\Documents\IntelliJ Workspace)
2025-06-09 11:57:36 [restartedMain] INFO  com.example.Springboot.Learning.SpringbootLearningApplication.logStartupProfileInfo:652 - No active profile set, falling back to 1 default profile: "default"
2025-06-09 11:57:42 [restartedMain] INFO  com.example.Springboot.Learning.SpringbootLearningApplication.logStarted:59 - Started SpringbootLearningApplication in 6.529 seconds (process running for 7.997)
2025-06-09 11:58:52 [restartedMain] INFO  com.example.Springboot.Learning.SpringbootLearningApplication.logStarting:53 - Starting SpringbootLearningApplication using Java 21.0.6 with PID 7872 (C:\Users\manid\OneDrive\Documents\IntelliJ Workspace\target\classes started by manid in C:\Users\manid\OneDrive\Documents\IntelliJ Workspace)
2025-06-09 11:58:52 [restartedMain] INFO  com.example.Springboot.Learning.SpringbootLearningApplication.logStartupProfileInfo:652 - No active profile set, falling back to 1 default profile: "default"
2025-06-09 11:58:57 [restartedMain] INFO  com.example.Springboot.Learning.SpringbootLearningApplication.logStarted:59 - Started SpringbootLearningApplication in 6.16 seconds (process running for 7.508)
2025-06-09 11:59:09 [http-nio-8080-exec-1] INFO  com.example.Springboot.Learning.controller.EmployeeController.searchByName:185 - Searching employees with name containing: qdcsdv
2025-06-09 11:59:09 [http-nio-8080-exec-1] INFO  com.example.Springboot.Learning.service.EmployeeService.getAllEmployees:75 - Fetching all employees for name searching
2025-06-09 11:59:09 [http-nio-8080-exec-1] WARN  com.example.Springboot.Learning.controller.EmployeeController.searchByName:191 - No employees found matching name: qdcsdv
2025-06-09 12:02:54 [restartedMain] INFO  com.example.Springboot.Learning.SpringbootLearningApplication.logStarting:53 - Starting SpringbootLearningApplication using Java 21.0.6 with PID 4148 (C:\Users\manid\OneDrive\Documents\IntelliJ Workspace\target\classes started by manid in C:\Users\manid\OneDrive\Documents\IntelliJ Workspace)
2025-06-09 12:02:54 [restartedMain] INFO  com.example.Springboot.Learning.SpringbootLearningApplication.logStartupProfileInfo:652 - No active profile set, falling back to 1 default profile: "default"
2025-06-09 12:02:59 [restartedMain] INFO  com.example.Springboot.Learning.SpringbootLearningApplication.logStarted:59 - Started SpringbootLearningApplication in 6.472 seconds (process running for 7.763)
2025-06-09 12:03:39 [http-nio-8080-exec-5] INFO  com.example.Springboot.Learning.controller.EmployeeController.searchByName:187 - Searching employees with name containing: fdcg
2025-06-09 12:03:39 [http-nio-8080-exec-5] INFO  com.example.Springboot.Learning.service.EmployeeService.getAllEmployees:75 - Fetching all employees for name searching
2025-06-09 12:03:40 [http-nio-8080-exec-5] WARN  com.example.Springboot.Learning.controller.EmployeeController.searchByName:193 - No employees found matching name: fdcg
2025-06-09 12:03:50 [http-nio-8080-exec-7] INFO  com.example.Springboot.Learning.controller.EmployeeController.searchByName:187 - Searching employees with name containing: fdcg
2025-06-09 12:03:50 [http-nio-8080-exec-7] INFO  com.example.Springboot.Learning.service.EmployeeService.getAllEmployees:75 - Fetching all employees for name searching
2025-06-09 12:03:50 [http-nio-8080-exec-7] WARN  com.example.Springboot.Learning.controller.EmployeeController.searchByName:193 - No employees found matching name: fdcg
2025-06-09 12:28:28 [restartedMain] INFO  com.example.Springboot.Learning.SpringbootLearningApplication.logStarting:53 - Starting SpringbootLearningApplication using Java 21.0.6 with PID 12768 (C:\Users\manid\OneDrive\Documents\IntelliJ Workspace\target\classes started by manid in C:\Users\manid\OneDrive\Documents\IntelliJ Workspace)
2025-06-09 12:28:28 [restartedMain] INFO  com.example.Springboot.Learning.SpringbootLearningApplication.logStartupProfileInfo:652 - No active profile set, falling back to 1 default profile: "default"
2025-06-09 12:28:33 [restartedMain] INFO  com.example.Springboot.Learning.SpringbootLearningApplication.logStarted:59 - Started SpringbootLearningApplication in 6.235 seconds (process running for 7.58)
2025-06-09 12:28:55 [http-nio-8080-exec-5] INFO  com.example.Springboot.Learning.controller.EmployeeController.searchByName:188 - Searching employees with name containing: 512
2025-06-09 12:28:55 [http-nio-8080-exec-5] INFO  com.example.Springboot.Learning.service.EmployeeService.getAllEmployees:75 - Fetching all employees for name searching
2025-06-09 12:29:05 [http-nio-8080-exec-6] INFO  com.example.Springboot.Learning.controller.EmployeeController.searchByName:188 - Searching employees with name containing: hbgvc
2025-06-09 12:29:05 [http-nio-8080-exec-6] INFO  com.example.Springboot.Learning.service.EmployeeService.getAllEmployees:75 - Fetching all employees for name searching
2025-06-09 12:29:08 [http-nio-8080-exec-8] INFO  com.example.Springboot.Learning.controller.EmployeeController.searchByName:188 - Searching employees with name containing: hbgvc
2025-06-09 12:29:08 [http-nio-8080-exec-8] INFO  com.example.Springboot.Learning.service.EmployeeService.getAllEmployees:75 - Fetching all employees for name searching
2025-06-09 12:29:49 [http-nio-8080-exec-9] INFO  com.example.Springboot.Learning.service.EmployeeService.create:45 - Creating employee: Manideep
2025-06-09 12:29:56 [http-nio-8080-exec-7] INFO  com.example.Springboot.Learning.controller.EmployeeController.searchByName:188 - Searching employees with name containing: hbgvc
2025-06-09 12:29:56 [http-nio-8080-exec-7] INFO  com.example.Springboot.Learning.service.EmployeeService.getAllEmployees:75 - Fetching all employees for name searching
2025-06-09 12:30:07 [http-nio-8080-exec-10] INFO  com.example.Springboot.Learning.controller.EmployeeController.searchByName:188 - Searching employees with name containing: mani
2025-06-09 12:30:07 [http-nio-8080-exec-10] INFO  com.example.Springboot.Learning.service.EmployeeService.getAllEmployees:75 - Fetching all employees for name searching
2025-06-09 12:37:10 [restartedMain] INFO  com.example.Springboot.Learning.SpringbootLearningApplication.logStarting:53 - Starting SpringbootLearningApplication using Java 21.0.6 with PID 10364 (C:\Users\manid\OneDrive\Documents\IntelliJ Workspace\target\classes started by manid in C:\Users\manid\OneDrive\Documents\IntelliJ Workspace)
2025-06-09 12:37:10 [restartedMain] INFO  com.example.Springboot.Learning.SpringbootLearningApplication.logStartupProfileInfo:652 - No active profile set, falling back to 1 default profile: "default"
2025-06-09 12:37:16 [restartedMain] INFO  com.example.Springboot.Learning.SpringbootLearningApplication.logStarted:59 - Started SpringbootLearningApplication in 6.404 seconds (process running for 7.606)
2025-06-09 12:37:16 [http-nio-8080-exec-1] INFO  com.example.Springboot.Learning.controller.EmployeeController.searchByName:188 - Searching employees with name containing: mani
2025-06-09 12:37:16 [http-nio-8080-exec-1] INFO  com.example.Springboot.Learning.service.EmployeeService.getAllEmployees:75 - Fetching all employees for name searching
2025-06-09 12:37:24 [http-nio-8080-exec-2] INFO  com.example.Springboot.Learning.controller.EmployeeController.searchByName:188 - Searching employees with name containing: mani
2025-06-09 12:37:24 [http-nio-8080-exec-2] INFO  com.example.Springboot.Learning.service.EmployeeService.getAllEmployees:75 - Fetching all employees for name searching
2025-06-09 12:39:49 [restartedMain] INFO  com.example.Springboot.Learning.SpringbootLearningApplication.logStarting:53 - Starting SpringbootLearningApplication using Java 21.0.6 with PID 11144 (C:\Users\manid\OneDrive\Documents\IntelliJ Workspace\target\classes started by manid in C:\Users\manid\OneDrive\Documents\IntelliJ Workspace)
2025-06-09 12:39:49 [restartedMain] INFO  com.example.Springboot.Learning.SpringbootLearningApplication.logStartupProfileInfo:652 - No active profile set, falling back to 1 default profile: "default"
2025-06-09 12:39:55 [restartedMain] INFO  com.example.Springboot.Learning.SpringbootLearningApplication.logStarted:59 - Started SpringbootLearningApplication in 6.058 seconds (process running for 7.214)
2025-06-09 12:40:13 [http-nio-8080-exec-5] INFO  com.example.Springboot.Learning.controller.EmployeeController.searchByName:189 - Searching employees with name containing: scadsf
2025-06-09 12:40:13 [http-nio-8080-exec-5] INFO  com.example.Springboot.Learning.service.EmployeeService.getAllEmployees:75 - Fetching all employees for name searching
2025-06-09 12:40:31 [http-nio-8080-exec-6] INFO  com.example.Springboot.Learning.service.EmployeeService.create:45 - Creating employee: Manideep
2025-06-09 12:40:39 [http-nio-8080-exec-7] INFO  com.example.Springboot.Learning.controller.EmployeeController.searchByName:189 - Searching employees with name containing: mani
2025-06-09 12:40:39 [http-nio-8080-exec-7] INFO  com.example.Springboot.Learning.service.EmployeeService.getAllEmployees:75 - Fetching all employees for name searching
2025-06-09 12:40:57 [http-nio-8080-exec-9] INFO  com.example.Springboot.Learning.service.EmployeeService.create:45 - Creating employee: Mani krian
2025-06-09 12:41:00 [http-nio-8080-exec-10] INFO  com.example.Springboot.Learning.controller.EmployeeController.searchByName:189 - Searching employees with name containing: mani
2025-06-09 12:41:00 [http-nio-8080-exec-10] INFO  com.example.Springboot.Learning.service.EmployeeService.getAllEmployees:75 - Fetching all employees for name searching
2025-06-09 12:41:12 [http-nio-8080-exec-1] INFO  com.example.Springboot.Learning.controller.EmployeeController.searchByName:189 - Searching employees with name containing: mani
2025-06-09 12:41:12 [http-nio-8080-exec-1] INFO  com.example.Springboot.Learning.service.EmployeeService.getAllEmployees:75 - Fetching all employees for name searching
2025-06-09 12:41:17 [http-nio-8080-exec-2] INFO  com.example.Springboot.Learning.controller.EmployeeController.searchByName:189 - Searching employees with name containing: mani
2025-06-09 12:41:17 [http-nio-8080-exec-2] INFO  com.example.Springboot.Learning.service.EmployeeService.getAllEmployees:75 - Fetching all employees for name searching
2025-06-09 12:43:31 [restartedMain] INFO  com.example.Springboot.Learning.SpringbootLearningApplication.logStarting:53 - Starting SpringbootLearningApplication using Java 21.0.6 with PID 12232 (C:\Users\manid\OneDrive\Documents\IntelliJ Workspace\target\classes started by manid in C:\Users\manid\OneDrive\Documents\IntelliJ Workspace)
2025-06-09 12:43:31 [restartedMain] INFO  com.example.Springboot.Learning.SpringbootLearningApplication.logStartupProfileInfo:652 - No active profile set, falling back to 1 default profile: "default"
2025-06-09 12:43:39 [restartedMain] INFO  com.example.Springboot.Learning.SpringbootLearningApplication.logStarted:59 - Started SpringbootLearningApplication in 8.739 seconds (process running for 10.164)
2025-06-09 12:44:01 [http-nio-8080-exec-7] INFO  com.example.Springboot.Learning.controller.EmployeeController.searchByName:189 - Searching employees with name containing: dxc
2025-06-09 12:44:01 [http-nio-8080-exec-7] INFO  com.example.Springboot.Learning.service.EmployeeService.getAllEmployees:75 - Fetching all employees for name searching
2025-06-09 12:44:19 [http-nio-8080-exec-8] INFO  com.example.Springboot.Learning.service.EmployeeService.create:45 - Creating employee: dxc
2025-06-09 12:44:25 [http-nio-8080-exec-5] INFO  com.example.Springboot.Learning.controller.EmployeeController.searchByName:189 - Searching employees with name containing: dxc
2025-06-09 12:44:25 [http-nio-8080-exec-5] INFO  com.example.Springboot.Learning.service.EmployeeService.getAllEmployees:75 - Fetching all employees for name searching
